<?xml version="1.0" encoding="UTF-8"?>
<!-- Generated by org.testng.reporters.JUnitReportReporter -->
<testsuite skipped="0" hostname="LAPTOP-0H3G4G6P" name="com.absa.dog.tests.HomePageTest" tests="3" failures="0" timestamp="2020-06-21T16:08:57 CAT" time="2.268" errors="0">
  <testcase name="homePageTitleTest" time="0.013" classname="com.absa.dog.tests.HomePageTest"/>
  <testcase name="addUserDataTest" time="1.161" classname="com.absa.dog.tests.HomePageTest"/>
  <testcase name="addUserDataTest" time="1.094" classname="com.absa.dog.tests.HomePageTest"/>
</testsuite> <!-- com.absa.dog.tests.HomePageTest -->
