<?xml version="1.0" encoding="UTF-8"?>
<!-- Generated by org.testng.reporters.JUnitReportReporter -->
<testsuite skipped="0" hostname="LAPTOP-0H3G4G6P" name="com.absa.usermanagement.tests.HomePageTest" tests="3" failures="0" timestamp="2020-06-21T20:52:21 CAT" time="4.161" errors="0">
  <testcase name="homePageTitleTest" time="0.021" classname="com.absa.usermanagement.tests.HomePageTest"/>
  <testcase name="addUserDataTest" time="3.150" classname="com.absa.usermanagement.tests.HomePageTest"/>
  <testcase name="addUserDataTest" time="0.990" classname="com.absa.usermanagement.tests.HomePageTest"/>
</testsuite> <!-- com.absa.usermanagement.tests.HomePageTest -->
